<?xml version="1.0" encoding="UTF-8"?>
<!-- Generated by org.testng.reporters.JUnitReportReporter -->
<testsuite hostname="SAHALsalu" failures="0" tests="6" name="testng.testngdemo" time="0.121" errors="0" timestamp="2022-12-14T08:43:26 IST" skipped="1">
  <testcase classname="testng.testngdemo" name="test3" time="0.054"/>
  <system-out/>
  <testcase classname="testng.testngdemo" name="test1" time="0.013"/>
  <system-out/>
  <testcase classname="testng.testngdemo" name="test1" time="0.016"/>
  <system-out/>
  <testcase classname="testng.testngdemo" name="test1" time="0.017"/>
  <system-out/>
  <testcase classname="testng.testngdemo" name="test1" time="0.021"/>
  <system-out/>
  <testcase classname="testng.testngdemo" name="test2">
    <skipped/>
  </testcase> <!-- test2 -->
  <system-out/>
</testsuite> <!-- testng.testngdemo -->
