<?xml version="1.0" encoding="UTF-8"?>
<!-- Generated by org.testng.reporters.JUnitReportReporter -->
<testsuite hostname="SAHALsalu" failures="0" tests="1" name="pkg.ebay" time="10.538" errors="0" timestamp="2023-01-07T11:56:58 IST" skipped="0">
  <testcase classname="pkg.ebay" name="ebaytest1" time="10.538"/>
  <system-out/>
</testsuite> <!-- pkg.ebay -->
