<?xml version="1.0" encoding="UTF-8"?>
<!-- Generated by org.testng.reporters.JUnitReportReporter -->
<testsuite hostname="SAHALsalu" failures="0" tests="1" name="pkg.fileupload" time="15.138" errors="0" timestamp="2023-02-04T00:36:33 IST" skipped="0">
  <testcase classname="pkg.fileupload" name="main" time="15.138"/>
  <system-out/>
</testsuite> <!-- pkg.fileupload -->
