<?xml version="1.0" encoding="UTF-8"?>
<!-- Generated by org.testng.reporters.JUnitReportReporter -->
<testsuite hostname="SAHALsalu" failures="0" tests="1" name="test.test2" time="15.585" errors="0" timestamp="2025-02-21T01:00:59 IST" skipped="0">
  <testcase classname="test.test2" name="main" time="15.585"/>
</testsuite> <!-- test.test2 -->
