<?xml version="1.0" encoding="UTF-8"?>
<!-- Generated by org.testng.reporters.JUnitReportReporter -->
<testsuite hostname="SAHALsalu" failures="0" tests="1" name="test.stringpalindrom" time="6.157" errors="0" timestamp="2025-02-21T23:29:57 IST" skipped="0">
  <testcase classname="test.stringpalindrom" name="main" time="6.157"/>
</testsuite> <!-- test.stringpalindrom -->
