<?xml version="1.0" encoding="UTF-8"?>
<!-- Generated by org.testng.reporters.JUnitReportReporter -->
<testsuite hostname="SAHALsalu" failures="0" tests="1" name="test.palindrom" time="8.439" errors="0" timestamp="2025-02-21T23:10:00 IST" skipped="0">
  <testcase classname="test.palindrom" name="main" time="8.439"/>
</testsuite> <!-- test.palindrom -->
