<?xml version="1.0" encoding="UTF-8"?>
<!-- Generated by org.testng.reporters.JUnitReportReporter -->
<testsuite hostname="SAHALsalu" failures="0" tests="1" name="test.factorail" time="8.014" errors="0" timestamp="2025-02-21T23:43:37 IST" skipped="0">
  <testcase classname="test.factorail" name="main" time="8.014"/>
</testsuite> <!-- test.factorail -->
