<?xml version="1.0" encoding="UTF-8"?>
<!-- Generated by org.testng.reporters.JUnitReportReporter -->
<testsuite hostname="SAHALsalu" failures="0" tests="1" name="project.Home" time="2.112" errors="0" timestamp="2025-03-03T13:17:49 IST" skipped="0">
  <testcase classname="project.Home" name="open_website" time="2.112"/>
</testsuite> <!-- project.Home -->
